[2026-05-29T14:25:07.355+0000] {local_task_job_runner.py:120} INFO - ::group::Pre task execution logs
[2026-05-29T14:25:07.374+0000] {taskinstance.py:2076} INFO - Dependencies all met for dep_context=non-requeueable deps ti=<TaskInstance: dag_pipeline_dados_ifood.arrumar_arquivos manual__2026-05-29T14:25:05.155423+00:00 [queued]>
[2026-05-29T14:25:07.382+0000] {taskinstance.py:2076} INFO - Dependencies all met for dep_context=requeueable deps ti=<TaskInstance: dag_pipeline_dados_ifood.arrumar_arquivos manual__2026-05-29T14:25:05.155423+00:00 [queued]>
[2026-05-29T14:25:07.383+0000] {taskinstance.py:2306} INFO - Starting attempt 1 of 3
[2026-05-29T14:25:07.397+0000] {taskinstance.py:2330} INFO - Executing <Task(PythonOperator): arrumar_arquivos> on 2026-05-29 14:25:05.155423+00:00
[2026-05-29T14:25:07.403+0000] {warnings.py:110} WARNING - /home/***/.local/lib/python3.12/site-packages/***/task/task_runner/standard_task_runner.py:61: DeprecationWarning: This process (pid=388) is multi-threaded, use of fork() may lead to deadlocks in the child.
  pid = os.fork()

[2026-05-29T14:25:07.406+0000] {standard_task_runner.py:63} INFO - Started process 390 to run task
[2026-05-29T14:25:07.406+0000] {standard_task_runner.py:90} INFO - Running: ['***', 'tasks', 'run', 'dag_pipeline_dados_ifood', 'arrumar_arquivos', 'manual__2026-05-29T14:25:05.155423+00:00', '--job-id', '58', '--raw', '--subdir', 'DAGS_FOLDER/dag_ifood.py', '--cfg-path', '/tmp/tmpruiugccg']
[2026-05-29T14:25:07.407+0000] {standard_task_runner.py:91} INFO - Job 58: Subtask arrumar_arquivos
[2026-05-29T14:25:07.466+0000] {task_command.py:426} INFO - Running <TaskInstance: dag_pipeline_dados_ifood.arrumar_arquivos manual__2026-05-29T14:25:05.155423+00:00 [running]> on host 2da28fc733b7
[2026-05-29T14:25:07.574+0000] {taskinstance.py:2648} INFO - Exporting env vars: AIRFLOW_CTX_DAG_OWNER='Tailan' AIRFLOW_CTX_DAG_ID='dag_pipeline_dados_ifood' AIRFLOW_CTX_TASK_ID='arrumar_arquivos' AIRFLOW_CTX_EXECUTION_DATE='2026-05-29T14:25:05.155423+00:00' AIRFLOW_CTX_TRY_NUMBER='1' AIRFLOW_CTX_DAG_RUN_ID='manual__2026-05-29T14:25:05.155423+00:00'
[2026-05-29T14:25:07.576+0000] {taskinstance.py:430} INFO - ::endgroup::
[2026-05-29T14:25:07.579+0000] {logging_mixin.py:188} INFO - Todos arquivos foram corrigidos.
[2026-05-29T14:25:07.580+0000] {python.py:237} INFO - Done. Returned value was: None
[2026-05-29T14:25:07.580+0000] {taskinstance.py:441} INFO - ::group::Post task execution logs
[2026-05-29T14:25:07.588+0000] {taskinstance.py:1206} INFO - Marking task as SUCCESS. dag_id=dag_pipeline_dados_ifood, task_id=arrumar_arquivos, run_id=manual__2026-05-29T14:25:05.155423+00:00, execution_date=20260529T142505, start_date=20260529T142507, end_date=20260529T142507
[2026-05-29T14:25:07.620+0000] {local_task_job_runner.py:240} INFO - Task exited with return code 0
[2026-05-29T14:25:07.645+0000] {taskinstance.py:3498} INFO - 1 downstream tasks scheduled from follow-on schedule check
[2026-05-29T14:25:07.647+0000] {local_task_job_runner.py:222} INFO - ::endgroup::
