[2026-05-29T13:12:42.536+0000] {local_task_job_runner.py:120} INFO - ::group::Pre task execution logs
[2026-05-29T13:12:42.562+0000] {taskinstance.py:2076} INFO - Dependencies all met for dep_context=non-requeueable deps ti=<TaskInstance: dag_pipeline_dados_ifood.arrumar_arquivos manual__2026-05-29T13:12:39.321844+00:00 [queued]>
[2026-05-29T13:12:42.569+0000] {taskinstance.py:2076} INFO - Dependencies all met for dep_context=requeueable deps ti=<TaskInstance: dag_pipeline_dados_ifood.arrumar_arquivos manual__2026-05-29T13:12:39.321844+00:00 [queued]>
[2026-05-29T13:12:42.570+0000] {taskinstance.py:2306} INFO - Starting attempt 1 of 3
[2026-05-29T13:12:42.696+0000] {taskinstance.py:2330} INFO - Executing <Task(PythonOperator): arrumar_arquivos> on 2026-05-29 13:12:39.321844+00:00
[2026-05-29T13:12:42.708+0000] {warnings.py:110} WARNING - /home/***/.local/lib/python3.12/site-packages/***/task/task_runner/standard_task_runner.py:61: DeprecationWarning: This process (pid=130) is multi-threaded, use of fork() may lead to deadlocks in the child.
  pid = os.fork()

[2026-05-29T13:12:42.712+0000] {standard_task_runner.py:63} INFO - Started process 132 to run task
[2026-05-29T13:12:42.712+0000] {standard_task_runner.py:90} INFO - Running: ['***', 'tasks', 'run', 'dag_pipeline_dados_ifood', 'arrumar_arquivos', 'manual__2026-05-29T13:12:39.321844+00:00', '--job-id', '15', '--raw', '--subdir', 'DAGS_FOLDER/dag_ifood.py', '--cfg-path', '/tmp/tmpmbcng_ts']
[2026-05-29T13:12:42.713+0000] {standard_task_runner.py:91} INFO - Job 15: Subtask arrumar_arquivos
[2026-05-29T13:12:42.875+0000] {task_command.py:426} INFO - Running <TaskInstance: dag_pipeline_dados_ifood.arrumar_arquivos manual__2026-05-29T13:12:39.321844+00:00 [running]> on host ac1911ee5e7d
[2026-05-29T13:12:43.091+0000] {taskinstance.py:2648} INFO - Exporting env vars: AIRFLOW_CTX_DAG_OWNER='Tailan' AIRFLOW_CTX_DAG_ID='dag_pipeline_dados_ifood' AIRFLOW_CTX_TASK_ID='arrumar_arquivos' AIRFLOW_CTX_EXECUTION_DATE='2026-05-29T13:12:39.321844+00:00' AIRFLOW_CTX_TRY_NUMBER='1' AIRFLOW_CTX_DAG_RUN_ID='manual__2026-05-29T13:12:39.321844+00:00'
[2026-05-29T13:12:43.092+0000] {taskinstance.py:430} INFO - ::endgroup::
[2026-05-29T13:12:43.095+0000] {logging_mixin.py:188} INFO - Todos arquivos foram corrigidos.
[2026-05-29T13:12:43.095+0000] {python.py:237} INFO - Done. Returned value was: None
[2026-05-29T13:12:43.095+0000] {taskinstance.py:441} INFO - ::group::Post task execution logs
[2026-05-29T13:12:43.103+0000] {taskinstance.py:1206} INFO - Marking task as SUCCESS. dag_id=dag_pipeline_dados_ifood, task_id=arrumar_arquivos, run_id=manual__2026-05-29T13:12:39.321844+00:00, execution_date=20260529T131239, start_date=20260529T131242, end_date=20260529T131243
[2026-05-29T13:12:43.209+0000] {local_task_job_runner.py:240} INFO - Task exited with return code 0
[2026-05-29T13:12:43.247+0000] {taskinstance.py:3498} INFO - 1 downstream tasks scheduled from follow-on schedule check
[2026-05-29T13:12:43.369+0000] {local_task_job_runner.py:222} INFO - ::endgroup::
