[2026-05-29T13:17:19.802+0000] {local_task_job_runner.py:120} INFO - ::group::Pre task execution logs
[2026-05-29T13:17:19.823+0000] {taskinstance.py:2076} INFO - Dependencies all met for dep_context=non-requeueable deps ti=<TaskInstance: dag_pipeline_dados_ifood.transformacao_dados scheduled__2026-05-28T00:00:00+00:00 [queued]>
[2026-05-29T13:17:19.831+0000] {taskinstance.py:2076} INFO - Dependencies all met for dep_context=requeueable deps ti=<TaskInstance: dag_pipeline_dados_ifood.transformacao_dados scheduled__2026-05-28T00:00:00+00:00 [queued]>
[2026-05-29T13:17:19.832+0000] {taskinstance.py:2306} INFO - Starting attempt 1 of 3
[2026-05-29T13:17:19.844+0000] {taskinstance.py:2330} INFO - Executing <Task(PythonOperator): transformacao_dados> on 2026-05-28 00:00:00+00:00
[2026-05-29T13:17:19.852+0000] {warnings.py:110} WARNING - /home/***/.local/lib/python3.12/site-packages/***/task/task_runner/standard_task_runner.py:61: DeprecationWarning: This process (pid=96) is multi-threaded, use of fork() may lead to deadlocks in the child.
  pid = os.fork()

[2026-05-29T13:17:19.853+0000] {standard_task_runner.py:63} INFO - Started process 100 to run task
[2026-05-29T13:17:19.854+0000] {standard_task_runner.py:90} INFO - Running: ['***', 'tasks', 'run', 'dag_pipeline_dados_ifood', 'transformacao_dados', 'scheduled__2026-05-28T00:00:00+00:00', '--job-id', '22', '--raw', '--subdir', 'DAGS_FOLDER/dag_ifood.py', '--cfg-path', '/tmp/tmpuxmyjjw1']
[2026-05-29T13:17:19.856+0000] {standard_task_runner.py:91} INFO - Job 22: Subtask transformacao_dados
[2026-05-29T13:17:19.919+0000] {task_command.py:426} INFO - Running <TaskInstance: dag_pipeline_dados_ifood.transformacao_dados scheduled__2026-05-28T00:00:00+00:00 [running]> on host 4099af471f16
[2026-05-29T13:17:20.010+0000] {taskinstance.py:2648} INFO - Exporting env vars: AIRFLOW_CTX_DAG_OWNER='Tailan' AIRFLOW_CTX_DAG_ID='dag_pipeline_dados_ifood' AIRFLOW_CTX_TASK_ID='transformacao_dados' AIRFLOW_CTX_EXECUTION_DATE='2026-05-28T00:00:00+00:00' AIRFLOW_CTX_TRY_NUMBER='1' AIRFLOW_CTX_DAG_RUN_ID='scheduled__2026-05-28T00:00:00+00:00'
[2026-05-29T13:17:20.012+0000] {taskinstance.py:430} INFO - ::endgroup::
[2026-05-29T13:17:20.013+0000] {logging_mixin.py:188} INFO - Iniciando transformação dos dados.
[2026-05-29T13:17:20.013+0000] {logging_mixin.py:188} INFO - Criando Dataframe.
[2026-05-29T13:17:20.024+0000] {logging_mixin.py:188} INFO - Dataframe criado com 103 linhas.
[2026-05-29T13:17:20.025+0000] {logging_mixin.py:188} INFO - Arquivo com 103 valores antes da transformação.
[2026-05-29T13:17:20.043+0000] {logging_mixin.py:188} INFO - Transformação concluida com sucesso. Relatório com 102 valores pós transformação.
[2026-05-29T13:17:20.044+0000] {python.py:237} INFO - Done. Returned value was: None
[2026-05-29T13:17:20.045+0000] {taskinstance.py:441} INFO - ::group::Post task execution logs
[2026-05-29T13:17:20.053+0000] {taskinstance.py:1206} INFO - Marking task as SUCCESS. dag_id=dag_pipeline_dados_ifood, task_id=transformacao_dados, run_id=scheduled__2026-05-28T00:00:00+00:00, execution_date=20260528T000000, start_date=20260529T131719, end_date=20260529T131720
[2026-05-29T13:17:20.108+0000] {local_task_job_runner.py:240} INFO - Task exited with return code 0
[2026-05-29T13:17:20.143+0000] {taskinstance.py:3498} INFO - 1 downstream tasks scheduled from follow-on schedule check
[2026-05-29T13:17:20.145+0000] {local_task_job_runner.py:222} INFO - ::endgroup::
