[2026-05-29T14:25:16.758+0000] {local_task_job_runner.py:120} INFO - ::group::Pre task execution logs
[2026-05-29T14:25:16.785+0000] {taskinstance.py:2076} INFO - Dependencies all met for dep_context=non-requeueable deps ti=<TaskInstance: dag_pipeline_dados_ifood.criar_views manual__2026-05-29T14:25:05.155423+00:00 [queued]>
[2026-05-29T14:25:16.799+0000] {taskinstance.py:2076} INFO - Dependencies all met for dep_context=requeueable deps ti=<TaskInstance: dag_pipeline_dados_ifood.criar_views manual__2026-05-29T14:25:05.155423+00:00 [queued]>
[2026-05-29T14:25:16.800+0000] {taskinstance.py:2306} INFO - Starting attempt 1 of 3
[2026-05-29T14:25:16.819+0000] {taskinstance.py:2330} INFO - Executing <Task(PythonOperator): criar_views> on 2026-05-29 14:25:05.155423+00:00
[2026-05-29T14:25:16.829+0000] {warnings.py:110} WARNING - /home/***/.local/lib/python3.12/site-packages/***/task/task_runner/standard_task_runner.py:61: DeprecationWarning: This process (pid=407) is multi-threaded, use of fork() may lead to deadlocks in the child.
  pid = os.fork()

[2026-05-29T14:25:16.833+0000] {standard_task_runner.py:63} INFO - Started process 409 to run task
[2026-05-29T14:25:16.832+0000] {standard_task_runner.py:90} INFO - Running: ['***', 'tasks', 'run', 'dag_pipeline_dados_ifood', 'criar_views', 'manual__2026-05-29T14:25:05.155423+00:00', '--job-id', '62', '--raw', '--subdir', 'DAGS_FOLDER/dag_ifood.py', '--cfg-path', '/tmp/tmp5u41dsq7']
[2026-05-29T14:25:16.835+0000] {standard_task_runner.py:91} INFO - Job 62: Subtask criar_views
[2026-05-29T14:25:16.931+0000] {task_command.py:426} INFO - Running <TaskInstance: dag_pipeline_dados_ifood.criar_views manual__2026-05-29T14:25:05.155423+00:00 [running]> on host 2da28fc733b7
[2026-05-29T14:25:17.044+0000] {taskinstance.py:2648} INFO - Exporting env vars: AIRFLOW_CTX_DAG_OWNER='Tailan' AIRFLOW_CTX_DAG_ID='dag_pipeline_dados_ifood' AIRFLOW_CTX_TASK_ID='criar_views' AIRFLOW_CTX_EXECUTION_DATE='2026-05-29T14:25:05.155423+00:00' AIRFLOW_CTX_TRY_NUMBER='1' AIRFLOW_CTX_DAG_RUN_ID='manual__2026-05-29T14:25:05.155423+00:00'
[2026-05-29T14:25:17.047+0000] {taskinstance.py:430} INFO - ::endgroup::
[2026-05-29T14:25:17.048+0000] {logging_mixin.py:188} INFO - Tentando conexão com o banco.
[2026-05-29T14:25:17.108+0000] {logging_mixin.py:188} INFO - Pasta de queries não encontrada.
[2026-05-29T14:25:17.109+0000] {python.py:237} INFO - Done. Returned value was: None
[2026-05-29T14:25:17.111+0000] {taskinstance.py:441} INFO - ::group::Post task execution logs
[2026-05-29T14:25:17.122+0000] {taskinstance.py:1206} INFO - Marking task as SUCCESS. dag_id=dag_pipeline_dados_ifood, task_id=criar_views, run_id=manual__2026-05-29T14:25:05.155423+00:00, execution_date=20260529T142505, start_date=20260529T142516, end_date=20260529T142517
[2026-05-29T14:25:17.173+0000] {local_task_job_runner.py:240} INFO - Task exited with return code 0
[2026-05-29T14:25:17.189+0000] {taskinstance.py:3498} INFO - 0 downstream tasks scheduled from follow-on schedule check
[2026-05-29T14:25:17.192+0000] {local_task_job_runner.py:222} INFO - ::endgroup::
