[2026-05-29T14:25:11.594+0000] {local_task_job_runner.py:120} INFO - ::group::Pre task execution logs
[2026-05-29T14:25:11.620+0000] {taskinstance.py:2076} INFO - Dependencies all met for dep_context=non-requeueable deps ti=<TaskInstance: dag_pipeline_dados_ifood.transformacao_dados manual__2026-05-29T14:25:05.155423+00:00 [queued]>
[2026-05-29T14:25:11.628+0000] {taskinstance.py:2076} INFO - Dependencies all met for dep_context=requeueable deps ti=<TaskInstance: dag_pipeline_dados_ifood.transformacao_dados manual__2026-05-29T14:25:05.155423+00:00 [queued]>
[2026-05-29T14:25:11.629+0000] {taskinstance.py:2306} INFO - Starting attempt 1 of 3
[2026-05-29T14:25:11.649+0000] {taskinstance.py:2330} INFO - Executing <Task(PythonOperator): transformacao_dados> on 2026-05-29 14:25:05.155423+00:00
[2026-05-29T14:25:11.657+0000] {warnings.py:110} WARNING - /home/***/.local/lib/python3.12/site-packages/***/task/task_runner/standard_task_runner.py:61: DeprecationWarning: This process (pid=394) is multi-threaded, use of fork() may lead to deadlocks in the child.
  pid = os.fork()

[2026-05-29T14:25:11.659+0000] {standard_task_runner.py:63} INFO - Started process 396 to run task
[2026-05-29T14:25:11.660+0000] {standard_task_runner.py:90} INFO - Running: ['***', 'tasks', 'run', 'dag_pipeline_dados_ifood', 'transformacao_dados', 'manual__2026-05-29T14:25:05.155423+00:00', '--job-id', '60', '--raw', '--subdir', 'DAGS_FOLDER/dag_ifood.py', '--cfg-path', '/tmp/tmp4flp2681']
[2026-05-29T14:25:11.661+0000] {standard_task_runner.py:91} INFO - Job 60: Subtask transformacao_dados
[2026-05-29T14:25:11.737+0000] {task_command.py:426} INFO - Running <TaskInstance: dag_pipeline_dados_ifood.transformacao_dados manual__2026-05-29T14:25:05.155423+00:00 [running]> on host 2da28fc733b7
[2026-05-29T14:25:11.848+0000] {taskinstance.py:2648} INFO - Exporting env vars: AIRFLOW_CTX_DAG_OWNER='Tailan' AIRFLOW_CTX_DAG_ID='dag_pipeline_dados_ifood' AIRFLOW_CTX_TASK_ID='transformacao_dados' AIRFLOW_CTX_EXECUTION_DATE='2026-05-29T14:25:05.155423+00:00' AIRFLOW_CTX_TRY_NUMBER='1' AIRFLOW_CTX_DAG_RUN_ID='manual__2026-05-29T14:25:05.155423+00:00'
[2026-05-29T14:25:11.850+0000] {taskinstance.py:430} INFO - ::endgroup::
[2026-05-29T14:25:11.851+0000] {logging_mixin.py:188} INFO - Iniciando transformação dos dados.
[2026-05-29T14:25:11.851+0000] {logging_mixin.py:188} INFO - Criando Dataframe.
[2026-05-29T14:25:11.862+0000] {logging_mixin.py:188} INFO - Dataframe criado com 103 linhas.
[2026-05-29T14:25:11.863+0000] {logging_mixin.py:188} INFO - Arquivo com 103 valores antes da transformação.
[2026-05-29T14:25:11.881+0000] {logging_mixin.py:188} INFO - Transformação concluida com sucesso. Relatório com 102 valores pós transformação.
[2026-05-29T14:25:11.882+0000] {python.py:237} INFO - Done. Returned value was:                     id_completo_do_pedido  ... hora_pedido
0    f4baa630-683a-47b3-9b46-38c7ddb821ac  ...    15:21:45
1    648904d6-1e94-4cd7-9429-55eb132164a0  ...    17:20:49
2    9662e3b2-ac98-4526-a27e-34563f02c78d  ...    16:41:14
3    04921db6-ced8-49da-9a85-801611f4c3b4  ...    14:31:03
4    8a478648-2651-4557-9b2a-0ee92811ce14  ...    16:48:21
..                                    ...  ...         ...
98   d35b3048-27ec-4dc6-9daa-81a46c662bea  ...    15:35:32
99   9a2cb5a5-0611-46c0-8983-28fc5b47ecb8  ...    16:35:21
100  0cbe3840-cbf6-4d8c-bdfb-524684f90036  ...    13:38:26
101  fe36e72a-adbf-4e99-b7bb-900aaec82b30  ...    16:38:03
102  a9e26868-f2bd-46bc-bec0-263d85a1aa9d  ...    15:45:11

[102 rows x 23 columns]
[2026-05-29T14:25:11.928+0000] {taskinstance.py:441} INFO - ::group::Post task execution logs
[2026-05-29T14:25:11.971+0000] {taskinstance.py:1206} INFO - Marking task as SUCCESS. dag_id=dag_pipeline_dados_ifood, task_id=transformacao_dados, run_id=manual__2026-05-29T14:25:05.155423+00:00, execution_date=20260529T142505, start_date=20260529T142511, end_date=20260529T142511
[2026-05-29T14:25:11.995+0000] {local_task_job_runner.py:240} INFO - Task exited with return code 0
[2026-05-29T14:25:12.019+0000] {taskinstance.py:3498} INFO - 1 downstream tasks scheduled from follow-on schedule check
[2026-05-29T14:25:12.021+0000] {local_task_job_runner.py:222} INFO - ::endgroup::
