[2026-05-29T14:01:53.496+0000] {local_task_job_runner.py:120} INFO - ::group::Pre task execution logs
[2026-05-29T14:01:53.515+0000] {taskinstance.py:2076} INFO - Dependencies all met for dep_context=non-requeueable deps ti=<TaskInstance: dag_pipeline_dados_ifood.criar_views manual__2026-05-29T13:54:53.271515+00:00 [queued]>
[2026-05-29T14:01:53.521+0000] {taskinstance.py:2076} INFO - Dependencies all met for dep_context=requeueable deps ti=<TaskInstance: dag_pipeline_dados_ifood.criar_views manual__2026-05-29T13:54:53.271515+00:00 [queued]>
[2026-05-29T14:01:53.521+0000] {taskinstance.py:2306} INFO - Starting attempt 1 of 3
[2026-05-29T14:01:53.534+0000] {taskinstance.py:2330} INFO - Executing <Task(PythonOperator): criar_views> on 2026-05-29 13:54:53.271515+00:00
[2026-05-29T14:01:53.540+0000] {warnings.py:110} WARNING - /home/***/.local/lib/python3.12/site-packages/***/task/task_runner/standard_task_runner.py:61: DeprecationWarning: This process (pid=85) is multi-threaded, use of fork() may lead to deadlocks in the child.
  pid = os.fork()

[2026-05-29T14:01:53.541+0000] {standard_task_runner.py:63} INFO - Started process 87 to run task
[2026-05-29T14:01:53.541+0000] {standard_task_runner.py:90} INFO - Running: ['***', 'tasks', 'run', 'dag_pipeline_dados_ifood', 'criar_views', 'manual__2026-05-29T13:54:53.271515+00:00', '--job-id', '57', '--raw', '--subdir', 'DAGS_FOLDER/dag_ifood.py', '--cfg-path', '/tmp/tmpxkc3jk0a']
[2026-05-29T14:01:53.542+0000] {standard_task_runner.py:91} INFO - Job 57: Subtask criar_views
[2026-05-29T14:01:53.595+0000] {task_command.py:426} INFO - Running <TaskInstance: dag_pipeline_dados_ifood.criar_views manual__2026-05-29T13:54:53.271515+00:00 [running]> on host 2da28fc733b7
[2026-05-29T14:01:53.669+0000] {taskinstance.py:2648} INFO - Exporting env vars: AIRFLOW_CTX_DAG_OWNER='Tailan' AIRFLOW_CTX_DAG_ID='dag_pipeline_dados_ifood' AIRFLOW_CTX_TASK_ID='criar_views' AIRFLOW_CTX_EXECUTION_DATE='2026-05-29T13:54:53.271515+00:00' AIRFLOW_CTX_TRY_NUMBER='1' AIRFLOW_CTX_DAG_RUN_ID='manual__2026-05-29T13:54:53.271515+00:00'
[2026-05-29T14:01:53.671+0000] {taskinstance.py:430} INFO - ::endgroup::
[2026-05-29T14:01:53.672+0000] {logging_mixin.py:188} INFO - Tentando conexão com o banco.
[2026-05-29T14:01:53.825+0000] {logging_mixin.py:188} INFO - Pasta de queries não encontrada.
[2026-05-29T14:01:53.826+0000] {python.py:237} INFO - Done. Returned value was: None
[2026-05-29T14:01:53.826+0000] {taskinstance.py:441} INFO - ::group::Post task execution logs
[2026-05-29T14:01:53.835+0000] {taskinstance.py:1206} INFO - Marking task as SUCCESS. dag_id=dag_pipeline_dados_ifood, task_id=criar_views, run_id=manual__2026-05-29T13:54:53.271515+00:00, execution_date=20260529T135453, start_date=20260529T140153, end_date=20260529T140153
[2026-05-29T14:01:53.876+0000] {local_task_job_runner.py:240} INFO - Task exited with return code 0
[2026-05-29T14:01:53.889+0000] {taskinstance.py:3498} INFO - 0 downstream tasks scheduled from follow-on schedule check
[2026-05-29T14:01:53.891+0000] {local_task_job_runner.py:222} INFO - ::endgroup::
