[2026-05-29T13:17:47.589+0000] {local_task_job_runner.py:120} INFO - ::group::Pre task execution logs
[2026-05-29T13:17:47.617+0000] {taskinstance.py:2076} INFO - Dependencies all met for dep_context=non-requeueable deps ti=<TaskInstance: dag_pipeline_dados_ifood.ingestao_dados manual__2026-05-29T13:12:39.321844+00:00 [queued]>
[2026-05-29T13:17:47.626+0000] {taskinstance.py:2076} INFO - Dependencies all met for dep_context=requeueable deps ti=<TaskInstance: dag_pipeline_dados_ifood.ingestao_dados manual__2026-05-29T13:12:39.321844+00:00 [queued]>
[2026-05-29T13:17:47.627+0000] {taskinstance.py:2306} INFO - Starting attempt 2 of 3
[2026-05-29T13:17:47.640+0000] {taskinstance.py:2330} INFO - Executing <Task(PythonOperator): ingestao_dados> on 2026-05-29 13:12:39.321844+00:00
[2026-05-29T13:17:47.647+0000] {warnings.py:110} WARNING - /home/***/.local/lib/python3.12/site-packages/***/task/task_runner/standard_task_runner.py:61: DeprecationWarning: This process (pid=107) is multi-threaded, use of fork() may lead to deadlocks in the child.
  pid = os.fork()

[2026-05-29T13:17:47.650+0000] {standard_task_runner.py:63} INFO - Started process 109 to run task
[2026-05-29T13:17:47.649+0000] {standard_task_runner.py:90} INFO - Running: ['***', 'tasks', 'run', 'dag_pipeline_dados_ifood', 'ingestao_dados', 'manual__2026-05-29T13:12:39.321844+00:00', '--job-id', '25', '--raw', '--subdir', 'DAGS_FOLDER/dag_ifood.py', '--cfg-path', '/tmp/tmpugidvqia']
[2026-05-29T13:17:47.650+0000] {standard_task_runner.py:91} INFO - Job 25: Subtask ingestao_dados
[2026-05-29T13:17:47.704+0000] {task_command.py:426} INFO - Running <TaskInstance: dag_pipeline_dados_ifood.ingestao_dados manual__2026-05-29T13:12:39.321844+00:00 [running]> on host 4099af471f16
[2026-05-29T13:17:47.777+0000] {taskinstance.py:2648} INFO - Exporting env vars: AIRFLOW_CTX_DAG_OWNER='Tailan' AIRFLOW_CTX_DAG_ID='dag_pipeline_dados_ifood' AIRFLOW_CTX_TASK_ID='ingestao_dados' AIRFLOW_CTX_EXECUTION_DATE='2026-05-29T13:12:39.321844+00:00' AIRFLOW_CTX_TRY_NUMBER='2' AIRFLOW_CTX_DAG_RUN_ID='manual__2026-05-29T13:12:39.321844+00:00'
[2026-05-29T13:17:47.779+0000] {taskinstance.py:430} INFO - ::endgroup::
[2026-05-29T13:17:47.783+0000] {logging_mixin.py:188} INFO - Iniciando leitura dos arquivos.
[2026-05-29T13:17:47.887+0000] {logging_mixin.py:188} INFO - Arquivo lido com sucesso: relatorio-pedidos_0c5c534d9eb3f7dd973f4e00d59c2c5f4113fd74fd63f6bedf21fb5f21feaf0d_2026-04-20-2026-05-19.xlsx
[2026-05-29T13:17:47.902+0000] {logging_mixin.py:188} INFO - Arquivo lido com sucesso: relatorio-pedidos_1a2475dcfd5de4d56c0089f733a0e95c04025922cae180f51dff6944ea736cf0_2026-03-01-2026-03-31.xlsx
[2026-05-29T13:17:47.917+0000] {logging_mixin.py:188} INFO - Arquivo lido com sucesso: relatorio-pedidos_1f8def8b3b714220a16bdb0250eea91637081a07a5008754a207827b779b073f_2026-05-01-2026-05-19.xlsx
[2026-05-29T13:17:47.936+0000] {logging_mixin.py:188} INFO - Arquivo lido com sucesso: relatorio-pedidos_48e2d23cf10a7d939f1319f494cb5c3bef007f8e5cff88bce334db77393648a1_2026-01-01-2026-01-30.xlsx
[2026-05-29T13:17:47.952+0000] {logging_mixin.py:188} INFO - Arquivo lido com sucesso: relatorio-pedidos_604f2618df62aec89ca48924bcd9ce0e93a880e16f1245aadd04aaf800ae5bbc_2026-04-01-2026-04-30.xlsx
[2026-05-29T13:17:47.967+0000] {logging_mixin.py:188} INFO - Arquivo lido com sucesso: relatorio-pedidos_c58bdf057fa128563632d93e0e4f1f74ef706b1756dda1e78926a54759d761a2_2026-02-01-2026-02-28.xlsx
[2026-05-29T13:17:47.977+0000] {logging_mixin.py:188} INFO - ------------------------------
[2026-05-29T13:17:47.977+0000] {logging_mixin.py:188} INFO - Arquivos consolidados.
[2026-05-29T13:17:47.977+0000] {logging_mixin.py:188} INFO - Arquivo salvo em /opt/***/data/raw/relatorios.csv
[2026-05-29T13:17:47.978+0000] {python.py:237} INFO - Done. Returned value was:                     ID COMPLETO DO PEDIDO  ...                                     arquivo_origem
0    f4baa630-683a-47b3-9b46-38c7ddb821ac  ...  relatorio-pedidos_0c5c534d9eb3f7dd973f4e00d59c...
1    648904d6-1e94-4cd7-9429-55eb132164a0  ...  relatorio-pedidos_0c5c534d9eb3f7dd973f4e00d59c...
2    9662e3b2-ac98-4526-a27e-34563f02c78d  ...  relatorio-pedidos_0c5c534d9eb3f7dd973f4e00d59c...
3    04921db6-ced8-49da-9a85-801611f4c3b4  ...  relatorio-pedidos_0c5c534d9eb3f7dd973f4e00d59c...
4    8a478648-2651-4557-9b2a-0ee92811ce14  ...  relatorio-pedidos_0c5c534d9eb3f7dd973f4e00d59c...
..                                    ...  ...                                                ...
98   d35b3048-27ec-4dc6-9daa-81a46c662bea  ...  relatorio-pedidos_c58bdf057fa128563632d93e0e4f...
99   9a2cb5a5-0611-46c0-8983-28fc5b47ecb8  ...  relatorio-pedidos_c58bdf057fa128563632d93e0e4f...
100  0cbe3840-cbf6-4d8c-bdfb-524684f90036  ...  relatorio-pedidos_c58bdf057fa128563632d93e0e4f...
101  fe36e72a-adbf-4e99-b7bb-900aaec82b30  ...  relatorio-pedidos_c58bdf057fa128563632d93e0e4f...
102  a9e26868-f2bd-46bc-bec0-263d85a1aa9d  ...  relatorio-pedidos_c58bdf057fa128563632d93e0e4f...

[103 rows x 21 columns]
[2026-05-29T13:17:48.017+0000] {taskinstance.py:441} INFO - ::group::Post task execution logs
[2026-05-29T13:17:48.050+0000] {taskinstance.py:1206} INFO - Marking task as SUCCESS. dag_id=dag_pipeline_dados_ifood, task_id=ingestao_dados, run_id=manual__2026-05-29T13:12:39.321844+00:00, execution_date=20260529T131239, start_date=20260529T131747, end_date=20260529T131748
[2026-05-29T13:17:48.104+0000] {local_task_job_runner.py:240} INFO - Task exited with return code 0
[2026-05-29T13:17:48.125+0000] {taskinstance.py:3498} INFO - 1 downstream tasks scheduled from follow-on schedule check
[2026-05-29T13:17:48.127+0000] {local_task_job_runner.py:222} INFO - ::endgroup::
