[2026-05-29T13:55:04.560+0000] {local_task_job_runner.py:120} INFO - ::group::Pre task execution logs
[2026-05-29T13:55:04.589+0000] {taskinstance.py:2076} INFO - Dependencies all met for dep_context=non-requeueable deps ti=<TaskInstance: dag_pipeline_dados_ifood.carregar_dados_banco manual__2026-05-29T13:54:53.271515+00:00 [queued]>
[2026-05-29T13:55:04.599+0000] {taskinstance.py:2076} INFO - Dependencies all met for dep_context=requeueable deps ti=<TaskInstance: dag_pipeline_dados_ifood.carregar_dados_banco manual__2026-05-29T13:54:53.271515+00:00 [queued]>
[2026-05-29T13:55:04.600+0000] {taskinstance.py:2306} INFO - Starting attempt 1 of 3
[2026-05-29T13:55:04.615+0000] {taskinstance.py:2330} INFO - Executing <Task(PythonOperator): carregar_dados_banco> on 2026-05-29 13:54:53.271515+00:00
[2026-05-29T13:55:04.625+0000] {warnings.py:110} WARNING - /home/***/.local/lib/python3.12/site-packages/***/task/task_runner/standard_task_runner.py:61: DeprecationWarning: This process (pid=251) is multi-threaded, use of fork() may lead to deadlocks in the child.
  pid = os.fork()

[2026-05-29T13:55:04.628+0000] {standard_task_runner.py:63} INFO - Started process 260 to run task
[2026-05-29T13:55:04.628+0000] {standard_task_runner.py:90} INFO - Running: ['***', 'tasks', 'run', 'dag_pipeline_dados_ifood', 'carregar_dados_banco', 'manual__2026-05-29T13:54:53.271515+00:00', '--job-id', '53', '--raw', '--subdir', 'DAGS_FOLDER/dag_ifood.py', '--cfg-path', '/tmp/tmpjmxj6qeq']
[2026-05-29T13:55:04.629+0000] {standard_task_runner.py:91} INFO - Job 53: Subtask carregar_dados_banco
[2026-05-29T13:55:04.716+0000] {task_command.py:426} INFO - Running <TaskInstance: dag_pipeline_dados_ifood.carregar_dados_banco manual__2026-05-29T13:54:53.271515+00:00 [running]> on host 2da28fc733b7
[2026-05-29T13:55:04.842+0000] {taskinstance.py:2648} INFO - Exporting env vars: AIRFLOW_CTX_DAG_OWNER='Tailan' AIRFLOW_CTX_DAG_ID='dag_pipeline_dados_ifood' AIRFLOW_CTX_TASK_ID='carregar_dados_banco' AIRFLOW_CTX_EXECUTION_DATE='2026-05-29T13:54:53.271515+00:00' AIRFLOW_CTX_TRY_NUMBER='1' AIRFLOW_CTX_DAG_RUN_ID='manual__2026-05-29T13:54:53.271515+00:00'
[2026-05-29T13:55:04.844+0000] {taskinstance.py:430} INFO - ::endgroup::
[2026-05-29T13:55:05.020+0000] {taskinstance.py:441} INFO - ::group::Post task execution logs
[2026-05-29T13:55:05.021+0000] {taskinstance.py:2905} ERROR - Task failed with exception
Traceback (most recent call last):
  File "/home/airflow/.local/lib/python3.12/site-packages/sqlalchemy/engine/base.py", line 1910, in _execute_context
    self.dialect.do_execute(
  File "/home/airflow/.local/lib/python3.12/site-packages/sqlalchemy/engine/default.py", line 736, in do_execute
    cursor.execute(statement, parameters)
psycopg2.errors.DependentObjectsStillExist: ERRO:  não é possível remover tabela pedidos_fatos, porque outros objetos dependem dele
DETAIL:  visão receita_liquida_dia depende de tabela pedidos_fatos
visão receita_liquida_mes depende de tabela pedidos_fatos
visão ticket_medio_mes depende de tabela pedidos_fatos
visão quantidade_pedido_por_dia_da_semana depende de tabela pedidos_fatos
visão taxa_de_cancelamento depende de tabela pedidos_fatos
visão pedidos_por_meio_pagamento depende de tabela pedidos_fatos
visão vw_pedidos_por_turno depende de tabela pedidos_fatos
visão vw_pedidos_por_meio_pagamento depende de tabela pedidos_fatos
visão vw_receita_liquida_mes depende de tabela pedidos_fatos
visão vw_receita_liquida_dia depende de tabela pedidos_fatos
visão vw_ticket_medio_mes depende de tabela pedidos_fatos
visão vw_quantidade_pedido_por_dia_da_semana depende de tabela pedidos_fatos
visão vw_qntd_pedidos_concluidos_e_cancelados depende de tabela pedidos_fatos
visão vw_taxa_de_cancelamento depende de tabela pedidos_fatos
visão vw_pedidos_hora depende de tabela pedidos_fatos
visão vw_faturamento_ano depende de tabela pedidos_fatos
HINT:  Use DROP ... CASCADE para remover os objetos dependentes também.


The above exception was the direct cause of the following exception:

Traceback (most recent call last):
  File "/home/airflow/.local/lib/python3.12/site-packages/airflow/models/taskinstance.py", line 465, in _execute_task
    result = _execute_callable(context=context, **execute_callable_kwargs)
             ^^^^^^^^^^^^^^^^^^^^^^^^^^^^^^^^^^^^^^^^^^^^^^^^^^^^^^^^^^^^^
  File "/home/airflow/.local/lib/python3.12/site-packages/airflow/models/taskinstance.py", line 432, in _execute_callable
    return execute_callable(context=context, **execute_callable_kwargs)
           ^^^^^^^^^^^^^^^^^^^^^^^^^^^^^^^^^^^^^^^^^^^^^^^^^^^^^^^^^^^^
  File "/home/airflow/.local/lib/python3.12/site-packages/airflow/models/baseoperator.py", line 400, in wrapper
    return func(self, *args, **kwargs)
           ^^^^^^^^^^^^^^^^^^^^^^^^^^^
  File "/home/airflow/.local/lib/python3.12/site-packages/airflow/operators/python.py", line 235, in execute
    return_value = self.execute_callable()
                   ^^^^^^^^^^^^^^^^^^^^^^^
  File "/home/airflow/.local/lib/python3.12/site-packages/airflow/operators/python.py", line 252, in execute_callable
    return self.python_callable(*self.op_args, **self.op_kwargs)
           ^^^^^^^^^^^^^^^^^^^^^^^^^^^^^^^^^^^^^^^^^^^^^^^^^^^^^
  File "/opt/airflow/pipeline/load.py", line 46, in database_main
    inserir_dados_tabela(arquivos)
  File "/opt/airflow/pipeline/load.py", line 34, in inserir_dados_tabela
    criar_tabela(df)
  File "/opt/airflow/pipeline/load.py", line 28, in criar_tabela
    df.to_sql("pedidos_fatos", engine, if_exists="replace", index=False)
  File "/home/airflow/.local/lib/python3.12/site-packages/pandas/util/_decorators.py", line 333, in wrapper
    return func(*args, **kwargs)
           ^^^^^^^^^^^^^^^^^^^^^
  File "/home/airflow/.local/lib/python3.12/site-packages/pandas/core/generic.py", line 3008, in to_sql
    return sql.to_sql(
           ^^^^^^^^^^^
  File "/home/airflow/.local/lib/python3.12/site-packages/pandas/io/sql.py", line 788, in to_sql
    return pandas_sql.to_sql(
           ^^^^^^^^^^^^^^^^^^
  File "/home/airflow/.local/lib/python3.12/site-packages/pandas/io/sql.py", line 1948, in to_sql
    table = self.prep_table(
            ^^^^^^^^^^^^^^^^
  File "/home/airflow/.local/lib/python3.12/site-packages/pandas/io/sql.py", line 1852, in prep_table
    table.create()
  File "/home/airflow/.local/lib/python3.12/site-packages/pandas/io/sql.py", line 929, in create
    self.pd_sql.drop_table(self.name, self.schema)
  File "/home/airflow/.local/lib/python3.12/site-packages/pandas/io/sql.py", line 2003, in drop_table
    self.get_table(table_name, schema).drop(bind=self.con)
  File "/home/airflow/.local/lib/python3.12/site-packages/sqlalchemy/sql/schema.py", line 979, in drop
    bind._run_ddl_visitor(ddl.SchemaDropper, self, checkfirst=checkfirst)
  File "/home/airflow/.local/lib/python3.12/site-packages/sqlalchemy/engine/base.py", line 2221, in _run_ddl_visitor
    visitorcallable(self.dialect, self, **kwargs).traverse_single(element)
  File "/home/airflow/.local/lib/python3.12/site-packages/sqlalchemy/sql/visitors.py", line 524, in traverse_single
    return meth(obj, **kw)
           ^^^^^^^^^^^^^^^
  File "/home/airflow/.local/lib/python3.12/site-packages/sqlalchemy/sql/ddl.py", line 1106, in visit_table
    self.connection.execute(DropTable(table))
  File "/home/airflow/.local/lib/python3.12/site-packages/sqlalchemy/engine/base.py", line 1385, in execute
    return meth(self, multiparams, params, _EMPTY_EXECUTION_OPTS)
           ^^^^^^^^^^^^^^^^^^^^^^^^^^^^^^^^^^^^^^^^^^^^^^^^^^^^^^
  File "/home/airflow/.local/lib/python3.12/site-packages/sqlalchemy/sql/ddl.py", line 80, in _execute_on_connection
    return connection._execute_ddl(
           ^^^^^^^^^^^^^^^^^^^^^^^^
  File "/home/airflow/.local/lib/python3.12/site-packages/sqlalchemy/engine/base.py", line 1477, in _execute_ddl
    ret = self._execute_context(
          ^^^^^^^^^^^^^^^^^^^^^^
  File "/home/airflow/.local/lib/python3.12/site-packages/sqlalchemy/engine/base.py", line 1953, in _execute_context
    self._handle_dbapi_exception(
  File "/home/airflow/.local/lib/python3.12/site-packages/sqlalchemy/engine/base.py", line 2134, in _handle_dbapi_exception
    util.raise_(
  File "/home/airflow/.local/lib/python3.12/site-packages/sqlalchemy/util/compat.py", line 211, in raise_
    raise exception
  File "/home/airflow/.local/lib/python3.12/site-packages/sqlalchemy/engine/base.py", line 1910, in _execute_context
    self.dialect.do_execute(
  File "/home/airflow/.local/lib/python3.12/site-packages/sqlalchemy/engine/default.py", line 736, in do_execute
    cursor.execute(statement, parameters)
sqlalchemy.exc.InternalError: (psycopg2.errors.DependentObjectsStillExist) ERRO:  não é possível remover tabela pedidos_fatos, porque outros objetos dependem dele
DETAIL:  visão receita_liquida_dia depende de tabela pedidos_fatos
visão receita_liquida_mes depende de tabela pedidos_fatos
visão ticket_medio_mes depende de tabela pedidos_fatos
visão quantidade_pedido_por_dia_da_semana depende de tabela pedidos_fatos
visão taxa_de_cancelamento depende de tabela pedidos_fatos
visão pedidos_por_meio_pagamento depende de tabela pedidos_fatos
visão vw_pedidos_por_turno depende de tabela pedidos_fatos
visão vw_pedidos_por_meio_pagamento depende de tabela pedidos_fatos
visão vw_receita_liquida_mes depende de tabela pedidos_fatos
visão vw_receita_liquida_dia depende de tabela pedidos_fatos
visão vw_ticket_medio_mes depende de tabela pedidos_fatos
visão vw_quantidade_pedido_por_dia_da_semana depende de tabela pedidos_fatos
visão vw_qntd_pedidos_concluidos_e_cancelados depende de tabela pedidos_fatos
visão vw_taxa_de_cancelamento depende de tabela pedidos_fatos
visão vw_pedidos_hora depende de tabela pedidos_fatos
visão vw_faturamento_ano depende de tabela pedidos_fatos
HINT:  Use DROP ... CASCADE para remover os objetos dependentes também.

[SQL: 
DROP TABLE pedidos_fatos]
(Background on this error at: https://sqlalche.me/e/14/2j85)
[2026-05-29T13:55:05.045+0000] {taskinstance.py:1206} INFO - Marking task as UP_FOR_RETRY. dag_id=dag_pipeline_dados_ifood, task_id=carregar_dados_banco, run_id=manual__2026-05-29T13:54:53.271515+00:00, execution_date=20260529T135453, start_date=20260529T135504, end_date=20260529T135505
[2026-05-29T13:55:05.059+0000] {standard_task_runner.py:110} ERROR - Failed to execute job 53 for task carregar_dados_banco ((psycopg2.errors.DependentObjectsStillExist) ERRO:  não é possível remover tabela pedidos_fatos, porque outros objetos dependem dele
DETAIL:  visão receita_liquida_dia depende de tabela pedidos_fatos
visão receita_liquida_mes depende de tabela pedidos_fatos
visão ticket_medio_mes depende de tabela pedidos_fatos
visão quantidade_pedido_por_dia_da_semana depende de tabela pedidos_fatos
visão taxa_de_cancelamento depende de tabela pedidos_fatos
visão pedidos_por_meio_pagamento depende de tabela pedidos_fatos
visão vw_pedidos_por_turno depende de tabela pedidos_fatos
visão vw_pedidos_por_meio_pagamento depende de tabela pedidos_fatos
visão vw_receita_liquida_mes depende de tabela pedidos_fatos
visão vw_receita_liquida_dia depende de tabela pedidos_fatos
visão vw_ticket_medio_mes depende de tabela pedidos_fatos
visão vw_quantidade_pedido_por_dia_da_semana depende de tabela pedidos_fatos
visão vw_qntd_pedidos_concluidos_e_cancelados depende de tabela pedidos_fatos
visão vw_taxa_de_cancelamento depende de tabela pedidos_fatos
visão vw_pedidos_hora depende de tabela pedidos_fatos
visão vw_faturamento_ano depende de tabela pedidos_fatos
HINT:  Use DROP ... CASCADE para remover os objetos dependentes também.

[SQL: 
DROP TABLE pedidos_fatos]
(Background on this error at: https://sqlalche.me/e/14/2j85); 260)
[2026-05-29T13:55:05.084+0000] {local_task_job_runner.py:240} INFO - Task exited with return code 1
[2026-05-29T13:55:05.107+0000] {taskinstance.py:3498} INFO - 0 downstream tasks scheduled from follow-on schedule check
[2026-05-29T13:55:05.110+0000] {local_task_job_runner.py:222} INFO - ::endgroup::
