[2026-05-29T14:01:51.390+0000] {local_task_job_runner.py:120} INFO - ::group::Pre task execution logs
[2026-05-29T14:01:51.408+0000] {taskinstance.py:2076} INFO - Dependencies all met for dep_context=non-requeueable deps ti=<TaskInstance: dag_pipeline_dados_ifood.carregar_dados_banco manual__2026-05-29T13:54:53.271515+00:00 [queued]>
[2026-05-29T14:01:51.414+0000] {taskinstance.py:2076} INFO - Dependencies all met for dep_context=requeueable deps ti=<TaskInstance: dag_pipeline_dados_ifood.carregar_dados_banco manual__2026-05-29T13:54:53.271515+00:00 [queued]>
[2026-05-29T14:01:51.415+0000] {taskinstance.py:2306} INFO - Starting attempt 2 of 3
[2026-05-29T14:01:51.427+0000] {taskinstance.py:2330} INFO - Executing <Task(PythonOperator): carregar_dados_banco> on 2026-05-29 13:54:53.271515+00:00
[2026-05-29T14:01:51.433+0000] {warnings.py:110} WARNING - /home/***/.local/lib/python3.12/site-packages/***/task/task_runner/standard_task_runner.py:61: DeprecationWarning: This process (pid=81) is multi-threaded, use of fork() may lead to deadlocks in the child.
  pid = os.fork()

[2026-05-29T14:01:51.434+0000] {standard_task_runner.py:90} INFO - Running: ['***', 'tasks', 'run', 'dag_pipeline_dados_ifood', 'carregar_dados_banco', 'manual__2026-05-29T13:54:53.271515+00:00', '--job-id', '56', '--raw', '--subdir', 'DAGS_FOLDER/dag_ifood.py', '--cfg-path', '/tmp/tmp2w40gd6c']
[2026-05-29T14:01:51.435+0000] {standard_task_runner.py:63} INFO - Started process 84 to run task
[2026-05-29T14:01:51.435+0000] {standard_task_runner.py:91} INFO - Job 56: Subtask carregar_dados_banco
[2026-05-29T14:01:51.485+0000] {task_command.py:426} INFO - Running <TaskInstance: dag_pipeline_dados_ifood.carregar_dados_banco manual__2026-05-29T13:54:53.271515+00:00 [running]> on host 2da28fc733b7
[2026-05-29T14:01:51.556+0000] {taskinstance.py:2648} INFO - Exporting env vars: AIRFLOW_CTX_DAG_OWNER='Tailan' AIRFLOW_CTX_DAG_ID='dag_pipeline_dados_ifood' AIRFLOW_CTX_TASK_ID='carregar_dados_banco' AIRFLOW_CTX_EXECUTION_DATE='2026-05-29T13:54:53.271515+00:00' AIRFLOW_CTX_TRY_NUMBER='2' AIRFLOW_CTX_DAG_RUN_ID='manual__2026-05-29T13:54:53.271515+00:00'
[2026-05-29T14:01:51.558+0000] {taskinstance.py:430} INFO - ::endgroup::
[2026-05-29T14:01:51.931+0000] {logging_mixin.py:188} INFO - Tabela criada no banco
[2026-05-29T14:01:51.932+0000] {logging_mixin.py:188} INFO - Carregamento dos dados realizados na tabela.
[2026-05-29T14:01:51.932+0000] {python.py:237} INFO - Done. Returned value was: None
[2026-05-29T14:01:51.934+0000] {taskinstance.py:441} INFO - ::group::Post task execution logs
[2026-05-29T14:01:51.942+0000] {taskinstance.py:1206} INFO - Marking task as SUCCESS. dag_id=dag_pipeline_dados_ifood, task_id=carregar_dados_banco, run_id=manual__2026-05-29T13:54:53.271515+00:00, execution_date=20260529T135453, start_date=20260529T140151, end_date=20260529T140151
[2026-05-29T14:01:51.970+0000] {local_task_job_runner.py:240} INFO - Task exited with return code 0
[2026-05-29T14:01:51.987+0000] {taskinstance.py:3498} INFO - 1 downstream tasks scheduled from follow-on schedule check
[2026-05-29T14:01:51.989+0000] {local_task_job_runner.py:222} INFO - ::endgroup::
