[2026-05-29T13:11:16.451+0000] {local_task_job_runner.py:120} INFO - ::group::Pre task execution logs
[2026-05-29T13:11:16.470+0000] {taskinstance.py:2076} INFO - Dependencies all met for dep_context=non-requeueable deps ti=<TaskInstance: dag_pipeline_dados_ifood.ingestao_dados scheduled__2026-05-28T00:00:00+00:00 [queued]>
[2026-05-29T13:11:16.478+0000] {taskinstance.py:2076} INFO - Dependencies all met for dep_context=requeueable deps ti=<TaskInstance: dag_pipeline_dados_ifood.ingestao_dados scheduled__2026-05-28T00:00:00+00:00 [queued]>
[2026-05-29T13:11:16.479+0000] {taskinstance.py:2306} INFO - Starting attempt 1 of 3
[2026-05-29T13:11:16.492+0000] {taskinstance.py:2330} INFO - Executing <Task(PythonOperator): ingestao_dados> on 2026-05-28 00:00:00+00:00
[2026-05-29T13:11:16.498+0000] {warnings.py:110} WARNING - /home/***/.local/lib/python3.12/site-packages/***/task/task_runner/standard_task_runner.py:61: DeprecationWarning: This process (pid=100) is multi-threaded, use of fork() may lead to deadlocks in the child.
  pid = os.fork()

[2026-05-29T13:11:16.500+0000] {standard_task_runner.py:63} INFO - Started process 102 to run task
[2026-05-29T13:11:16.500+0000] {standard_task_runner.py:90} INFO - Running: ['***', 'tasks', 'run', 'dag_pipeline_dados_ifood', 'ingestao_dados', 'scheduled__2026-05-28T00:00:00+00:00', '--job-id', '12', '--raw', '--subdir', 'DAGS_FOLDER/dag_ifood.py', '--cfg-path', '/tmp/tmptvrc9s4t']
[2026-05-29T13:11:16.501+0000] {standard_task_runner.py:91} INFO - Job 12: Subtask ingestao_dados
[2026-05-29T13:11:16.577+0000] {task_command.py:426} INFO - Running <TaskInstance: dag_pipeline_dados_ifood.ingestao_dados scheduled__2026-05-28T00:00:00+00:00 [running]> on host ac1911ee5e7d
[2026-05-29T13:11:16.660+0000] {taskinstance.py:2648} INFO - Exporting env vars: AIRFLOW_CTX_DAG_OWNER='Tailan' AIRFLOW_CTX_DAG_ID='dag_pipeline_dados_ifood' AIRFLOW_CTX_TASK_ID='ingestao_dados' AIRFLOW_CTX_EXECUTION_DATE='2026-05-28T00:00:00+00:00' AIRFLOW_CTX_TRY_NUMBER='1' AIRFLOW_CTX_DAG_RUN_ID='scheduled__2026-05-28T00:00:00+00:00'
[2026-05-29T13:11:16.663+0000] {taskinstance.py:430} INFO - ::endgroup::
[2026-05-29T13:11:16.665+0000] {logging_mixin.py:188} INFO - Iniciando leitura dos arquivos.
[2026-05-29T13:11:16.866+0000] {logging_mixin.py:188} INFO - Arquivo lido com sucesso: relatorio-pedidos_0c5c534d9eb3f7dd973f4e00d59c2c5f4113fd74fd63f6bedf21fb5f21feaf0d_2026-04-20-2026-05-19.xlsx
[2026-05-29T13:11:16.895+0000] {logging_mixin.py:188} INFO - Arquivo lido com sucesso: relatorio-pedidos_1a2475dcfd5de4d56c0089f733a0e95c04025922cae180f51dff6944ea736cf0_2026-03-01-2026-03-31.xlsx
[2026-05-29T13:11:16.920+0000] {logging_mixin.py:188} INFO - Arquivo lido com sucesso: relatorio-pedidos_1f8def8b3b714220a16bdb0250eea91637081a07a5008754a207827b779b073f_2026-05-01-2026-05-19.xlsx
[2026-05-29T13:11:16.948+0000] {logging_mixin.py:188} INFO - Arquivo lido com sucesso: relatorio-pedidos_48e2d23cf10a7d939f1319f494cb5c3bef007f8e5cff88bce334db77393648a1_2026-01-01-2026-01-30.xlsx
[2026-05-29T13:11:16.977+0000] {logging_mixin.py:188} INFO - Arquivo lido com sucesso: relatorio-pedidos_604f2618df62aec89ca48924bcd9ce0e93a880e16f1245aadd04aaf800ae5bbc_2026-04-01-2026-04-30.xlsx
[2026-05-29T13:11:17.006+0000] {logging_mixin.py:188} INFO - Arquivo lido com sucesso: relatorio-pedidos_c58bdf057fa128563632d93e0e4f1f74ef706b1756dda1e78926a54759d761a2_2026-02-01-2026-02-28.xlsx
[2026-05-29T13:11:17.009+0000] {taskinstance.py:441} INFO - ::group::Post task execution logs
[2026-05-29T13:11:17.010+0000] {taskinstance.py:2905} ERROR - Task failed with exception
Traceback (most recent call last):
  File "/usr/local/lib/python3.12/pathlib.py", line 1311, in mkdir
    os.mkdir(self, mode)
FileNotFoundError: [Errno 2] No such file or directory: '../data/raw'

During handling of the above exception, another exception occurred:

Traceback (most recent call last):
  File "/home/airflow/.local/lib/python3.12/site-packages/airflow/models/taskinstance.py", line 465, in _execute_task
    result = _execute_callable(context=context, **execute_callable_kwargs)
             ^^^^^^^^^^^^^^^^^^^^^^^^^^^^^^^^^^^^^^^^^^^^^^^^^^^^^^^^^^^^^
  File "/home/airflow/.local/lib/python3.12/site-packages/airflow/models/taskinstance.py", line 432, in _execute_callable
    return execute_callable(context=context, **execute_callable_kwargs)
           ^^^^^^^^^^^^^^^^^^^^^^^^^^^^^^^^^^^^^^^^^^^^^^^^^^^^^^^^^^^^
  File "/home/airflow/.local/lib/python3.12/site-packages/airflow/models/baseoperator.py", line 400, in wrapper
    return func(self, *args, **kwargs)
           ^^^^^^^^^^^^^^^^^^^^^^^^^^^
  File "/home/airflow/.local/lib/python3.12/site-packages/airflow/operators/python.py", line 235, in execute
    return_value = self.execute_callable()
                   ^^^^^^^^^^^^^^^^^^^^^^^
  File "/home/airflow/.local/lib/python3.12/site-packages/airflow/operators/python.py", line 252, in execute_callable
    return self.python_callable(*self.op_args, **self.op_kwargs)
           ^^^^^^^^^^^^^^^^^^^^^^^^^^^^^^^^^^^^^^^^^^^^^^^^^^^^^
  File "/opt/airflow/pipeline/ingest.py", line 33, in ingestao_dados
    output_path.parent.mkdir(parents=True, exist_ok=True)
  File "/usr/local/lib/python3.12/pathlib.py", line 1315, in mkdir
    self.parent.mkdir(parents=True, exist_ok=True)
  File "/usr/local/lib/python3.12/pathlib.py", line 1311, in mkdir
    os.mkdir(self, mode)
PermissionError: [Errno 13] Permission denied: '../data'
[2026-05-29T13:11:17.022+0000] {taskinstance.py:1206} INFO - Marking task as UP_FOR_RETRY. dag_id=dag_pipeline_dados_ifood, task_id=ingestao_dados, run_id=scheduled__2026-05-28T00:00:00+00:00, execution_date=20260528T000000, start_date=20260529T131116, end_date=20260529T131117
[2026-05-29T13:11:17.043+0000] {standard_task_runner.py:110} ERROR - Failed to execute job 12 for task ingestao_dados ([Errno 13] Permission denied: '../data'; 102)
[2026-05-29T13:11:17.081+0000] {local_task_job_runner.py:240} INFO - Task exited with return code 1
[2026-05-29T13:11:17.100+0000] {taskinstance.py:3498} INFO - 0 downstream tasks scheduled from follow-on schedule check
[2026-05-29T13:11:17.103+0000] {local_task_job_runner.py:222} INFO - ::endgroup::
